<?xml version="1.0" encoding="UTF-8"?>
<!-- Generated by org.testng.reporters.JUnitReportReporter -->
<testsuite skipped="0" hostname="LAPTOP-1KC8JUEU" name="com.training.test.Home.HomeTest" tests="5" failures="0" timestamp="2021-10-12T00:11:44 PDT" time="149.955" errors="0">
  <testcase name="username_dropdown" time="7.102" classname="com.training.test.Home.HomeTest"/>
  <system-out/>
  <testcase name="MyProfile_option" time="95.142" classname="com.training.test.Home.HomeTest"/>
  <system-out/>
  <testcase name="MySetting_Option" time="23.613" classname="com.training.test.Home.HomeTest"/>
  <system-out/>
  <testcase name="developerConsoleOption" time="12.061" classname="com.training.test.Home.HomeTest"/>
  <system-out/>
  <testcase name="logoutOption" time="12.037" classname="com.training.test.Home.HomeTest"/>
  <system-out/>
</testsuite> <!-- com.training.test.Home.HomeTest -->
