<?xml version="1.0" encoding="UTF-8"?>
<!-- Generated by org.testng.reporters.JUnitReportReporter -->
<testsuite skipped="0" hostname="LAPTOP-1KC8JUEU" name="com.training.test.Contacts.ContactsTest" tests="8" failures="0" timestamp="2021-10-12T09:14:53 PDT" time="130.035" errors="0">
  <testcase name="createNewContact" time="13.805" classname="com.training.test.Contacts.ContactsTest"/>
  <system-out/>
  <testcase name="createView" time="11.463" classname="com.training.test.Contacts.ContactsTest"/>
  <system-out/>
  <testcase name="recentContact" time="13.670" classname="com.training.test.Contacts.ContactsTest"/>
  <system-out/>
  <testcase name="myContactView" time="13.981" classname="com.training.test.Contacts.ContactsTest"/>
  <system-out/>
  <testcase name="viewContact" time="17.079" classname="com.training.test.Contacts.ContactsTest"/>
  <system-out/>
  <testcase name="errorMessage" time="16.829" classname="com.training.test.Contacts.ContactsTest"/>
  <system-out/>
  <testcase name="checkCancelBtn" time="14.521" classname="com.training.test.Contacts.ContactsTest"/>
  <system-out/>
  <testcase name="checkSaveNewBtn" time="28.687" classname="com.training.test.Contacts.ContactsTest"/>
  <system-out/>
</testsuite> <!-- com.training.test.Contacts.ContactsTest -->
