<?xml version="1.0" encoding="UTF-8"?>
<!-- Generated by org.testng.reporters.JUnitReportReporter -->
<testsuite skipped="0" hostname="LAPTOP-1KC8JUEU" name="com.training.test.RandomScenarios.RandomScenariosTest" tests="5" failures="0" timestamp="2021-10-12T09:40:09 PDT" time="103.739" errors="0">
  <testcase name="nameDisplay" time="8.498" classname="com.training.test.RandomScenarios.RandomScenariosTest"/>
  <system-out/>
  <testcase name="editLastNameVerify" time="48.263" classname="com.training.test.RandomScenarios.RandomScenariosTest"/>
  <system-out/>
  <testcase name="tabCustomize" time="18.607" classname="com.training.test.RandomScenarios.RandomScenariosTest"/>
  <system-out/>
  <testcase name="blockCalendar" time="15.926" classname="com.training.test.RandomScenarios.RandomScenariosTest"/>
  <system-out/>
  <testcase name="blockWeeklyRecurrance" time="12.445" classname="com.training.test.RandomScenarios.RandomScenariosTest"/>
  <system-out/>
</testsuite> <!-- com.training.test.RandomScenarios.RandomScenariosTest -->
