<?xml version="1.0" encoding="UTF-8"?>
<!-- Generated by org.testng.reporters.JUnitReportReporter -->
<testsuite skipped="0" hostname="LAPTOP-1KC8JUEU" name="com.training.test.Leads.LeadsTest" tests="5" failures="0" timestamp="2021-10-12T08:19:19 PDT" time="75.496" errors="0">
  <testcase name="leadLink" time="19.369" classname="com.training.test.Leads.LeadsTest"/>
  <system-out/>
  <testcase name="leadDropdown" time="12.586" classname="com.training.test.Leads.LeadsTest"/>
  <system-out/>
  <testcase name="leaddefaultView" time="20.035" classname="com.training.test.Leads.LeadsTest"/>
  <system-out/>
  <testcase name="todayLead" time="8.490" classname="com.training.test.Leads.LeadsTest"/>
  <system-out/>
  <testcase name="newBtnCheck" time="15.016" classname="com.training.test.Leads.LeadsTest"/>
  <system-out/>
</testsuite> <!-- com.training.test.Leads.LeadsTest -->
