<?xml version="1.0" encoding="UTF-8"?>
<!-- Generated by org.testng.reporters.JUnitReportReporter -->
<testsuite skipped="0" hostname="LAPTOP-1KC8JUEU" name="com.training.test.Login.LoginTest" tests="5" failures="0" timestamp="2021-10-11T23:46:42 PDT" time="44.390" errors="0">
  <testcase name="LoginErrorMessage1" time="8.375" classname="com.training.test.Login.LoginTest"/>
  <system-out/>
  <testcase name="LoginToSalesForce2" time="10.280" classname="com.training.test.Login.LoginTest"/>
  <system-out/>
  <testcase name="Check_RememberMe_3" time="16.490" classname="com.training.test.Login.LoginTest"/>
  <system-out/>
  <testcase name="Forgot_Password_4_A" time="4.449" classname="com.training.test.Login.LoginTest"/>
  <system-out/>
  <testcase name="Forgot_Password_4_B" time="4.796" classname="com.training.test.Login.LoginTest"/>
  <system-out/>
</testsuite> <!-- com.training.test.Login.LoginTest -->
