<?xml version="1.0" encoding="UTF-8"?>
<!-- Generated by org.testng.reporters.JUnitReportReporter -->
<testsuite skipped="0" hostname="LAPTOP-1KC8JUEU" name="com.training.test.Opportunity.OpportunityTest" tests="5" failures="0" timestamp="2021-10-12T00:47:01 PDT" time="66.617" errors="0">
  <testcase name="opportunitiesDropdown" time="13.140" classname="com.training.test.Opportunity.OpportunityTest"/>
  <system-out/>
  <testcase name="newOpportunity" time="10.897" classname="com.training.test.Opportunity.OpportunityTest"/>
  <system-out/>
  <testcase name="opportunityPipeline" time="11.408" classname="com.training.test.Opportunity.OpportunityTest"/>
  <system-out/>
  <testcase name="stuckOpportunityRpt" time="15.016" classname="com.training.test.Opportunity.OpportunityTest"/>
  <system-out/>
  <testcase name="quarterlySummaryRpt" time="16.156" classname="com.training.test.Opportunity.OpportunityTest"/>
  <system-out/>
</testsuite> <!-- com.training.test.Opportunity.OpportunityTest -->
