<?xml version="1.0" encoding="UTF-8"?>
<!-- Generated by org.testng.reporters.JUnitReportReporter -->
<testsuite skipped="0" hostname="LAPTOP-1KC8JUEU" name="com.training.test.Account.AccountTest" tests="1" failures="0" timestamp="2021-10-12T08:59:21 PDT" time="11.017" errors="0">
  <testcase name="createAccount" time="11.017" classname="com.training.test.Account.AccountTest"/>
  <system-out/>
</testsuite> <!-- com.training.test.Account.AccountTest -->
